C:\Program Files (x86)\Microsoft Visual Studio\2019\Community\MSBuild\Microsoft\VC\v160\Microsoft.CppBuild.targets(513,5): warning MSB8028: Le répertoire intermédiaire (x64\Debug\) contient des fichiers partagés provenant d'un autre projet (Physics_engine.vcxproj). Cela peut entraîner un comportement de nettoyage et de regénération incorrect.
  utils.cpp
E:\dev\OpenGL_Engine\OpenGL_engine\common\utils.cpp(6,47): warning C4267: 'initialisation' : conversion de 'size_t' en 'int', perte possible de données
  Camera.cpp
E:\dev\OpenGL_Engine\OpenGL_engine\sources\Camera.cpp(51,46): warning C4804: '-' : utilisation risquée du type 'bool' dans l'opération
  Cube.cpp
  IndexBuffer.cpp
  main.cpp
C:\Program Files (x86)\Windows Kits\10\Include\10.0.19041.0\shared\minwindef.h(130,1): warning C4005: 'APIENTRY' : redéfinition de macro
E:\dev\OpenGL_Engine\OpenGL_engine\libs\glfw-3.3.8.bin.WIN64\include\GLFW\glfw3.h(123): message : voir la définition précédente de 'APIENTRY'
E:\dev\OpenGL_Engine\OpenGL_engine\sources\main.cpp(42,38): warning C4244: 'argument' : conversion de 'float' en 'int', perte possible de données
E:\dev\OpenGL_Engine\OpenGL_engine\sources\main.cpp(42,31): warning C4244: 'argument' : conversion de 'float' en 'int', perte possible de données
E:\dev\OpenGL_Engine\OpenGL_engine\sources\main.cpp(63,29): warning C4244: 'argument' : conversion de 'float' en 'GLsizei', perte possible de données
E:\dev\OpenGL_Engine\OpenGL_engine\sources\main.cpp(63,22): warning C4244: 'argument' : conversion de 'float' en 'GLsizei', perte possible de données
E:\dev\OpenGL_Engine\OpenGL_engine\sources\main.cpp(170,60): warning C4129: ' ' : caractère de séquence d'échappement non reconnu
E:\dev\OpenGL_Engine\OpenGL_engine\sources\main.cpp(200,95): warning C4244: 'argument' : conversion de 'double' en 'float', perte possible de données
E:\dev\OpenGL_Engine\OpenGL_engine\sources\main.cpp(200,67): warning C4244: 'argument' : conversion de 'double' en 'float', perte possible de données
E:\dev\OpenGL_Engine\OpenGL_engine\sources\main.cpp(200,39): warning C4244: 'argument' : conversion de 'double' en 'float', perte possible de données
  Object3D.cpp
  Renderer.cpp
  Shader.cpp
  stb.cpp
  Texture.cpp
  VertexArray.cpp
E:\dev\OpenGL_Engine\OpenGL_engine\sources\VertexArray.cpp(24,1): warning C4312: 'cast de type' : la conversion de 'unsigned int' en 'const void *' d'une taille supérieure
  VertexBuffer.cpp
  Génération de code en cours...
LINK : warning LNK4098: conflit entre la bibliothèque par défaut 'MSVCRT' et les autres bibliothèques ; utilisez /NODEFAULTLIB:library
  OpenGL_engine.vcxproj -> E:\dev\OpenGL_Engine\OpenGL_engine\x64\Debug\OpenGL Engine.exe
