e:\dev\opengl_engine\opengl_engine\x64\debug\vc142.pdb
e:\dev\opengl_engine\opengl_engine\x64\debug\vc142.idb
e:\dev\opengl_engine\opengl_engine\x64\debug\vertexbuffer.obj
e:\dev\opengl_engine\opengl_engine\x64\debug\vertexarray.obj
e:\dev\opengl_engine\opengl_engine\x64\debug\texture.obj
e:\dev\opengl_engine\opengl_engine\x64\debug\stb.obj
e:\dev\opengl_engine\opengl_engine\x64\debug\shader.obj
e:\dev\opengl_engine\opengl_engine\x64\debug\renderer.obj
e:\dev\opengl_engine\opengl_engine\x64\debug\object3d.obj
e:\dev\opengl_engine\opengl_engine\x64\debug\main.obj
e:\dev\opengl_engine\opengl_engine\x64\debug\indexbuffer.obj
e:\dev\opengl_engine\opengl_engine\x64\debug\cube.obj
e:\dev\opengl_engine\opengl_engine\x64\debug\camera.obj
e:\dev\opengl_engine\opengl_engine\x64\debug\utils.obj
e:\dev\opengl_engine\opengl_engine\x64\debug\opengl engine.ilk
e:\dev\opengl_engine\opengl_engine\x64\debug\opengl engine.exe
e:\dev\opengl_engine\opengl_engine\x64\debug\opengl engine.pdb
e:\dev\opengl_engine\opengl_engine\x64\debug\main.obj.enc
e:\dev\opengl_engine\opengl_engine\x64\debug\physics_engine.ilk
e:\dev\opengl_engine\opengl_engine\x64\debug\physics_engine.pdb
e:\dev\opengl_engine\opengl_engine\x64\debug\opengl engine.tlog\cl.command.1.tlog
e:\dev\opengl_engine\opengl_engine\x64\debug\opengl engine.tlog\cl.read.1.tlog
e:\dev\opengl_engine\opengl_engine\x64\debug\opengl engine.tlog\cl.write.1.tlog
e:\dev\opengl_engine\opengl_engine\x64\debug\opengl engine.tlog\link.command.1.tlog
e:\dev\opengl_engine\opengl_engine\x64\debug\opengl engine.tlog\link.read.1.tlog
e:\dev\opengl_engine\opengl_engine\x64\debug\opengl engine.tlog\link.write.1.tlog
