          1 fichier(s) copié(s).
  Camera.cpp
  IndexBuffer.cpp
  Lights.cpp
  main.cpp
C:\Program Files (x86)\Windows Kits\10\Include\10.0.19041.0\shared\minwindef.h(130,1): warning C4005: 'APIENTRY' : redéfinition de macro
E:\dev\OpenGL_Engine\OpenGL_engine\libs\glfw-3.3.8.bin.WIN64\include\GLFW\glfw3.h(123): message : voir la définition précédente de 'APIENTRY'
E:\dev\OpenGL_Engine\OpenGL_engine\sources\main.cpp(49,38): warning C4244: 'argument' : conversion de 'float' en 'int', perte possible de données
E:\dev\OpenGL_Engine\OpenGL_engine\sources\main.cpp(49,31): warning C4244: 'argument' : conversion de 'float' en 'int', perte possible de données
E:\dev\OpenGL_Engine\OpenGL_engine\sources\main.cpp(70,29): warning C4244: 'argument' : conversion de 'float' en 'GLsizei', perte possible de données
E:\dev\OpenGL_Engine\OpenGL_engine\sources\main.cpp(70,22): warning C4244: 'argument' : conversion de 'float' en 'GLsizei', perte possible de données
E:\dev\OpenGL_Engine\OpenGL_engine\sources\main.cpp(116,27): warning C4305: '=' : troncation de 'double' à 'float'
E:\dev\OpenGL_Engine\OpenGL_engine\sources\main.cpp(120,28): warning C4305: '=' : troncation de 'double' à 'float'
E:\dev\OpenGL_Engine\OpenGL_engine\sources\main.cpp(155,60): warning C4129: ' ' : caractère de séquence d'échappement non reconnu
E:\dev\OpenGL_Engine\OpenGL_engine\sources\main.cpp(34,18): warning C4101: 'sDiff' : variable locale non référencée
E:\dev\OpenGL_Engine\OpenGL_engine\sources\main.cpp(33,18): warning C4101: 'sNew' : variable locale non référencée
E:\dev\OpenGL_Engine\OpenGL_engine\sources\main.cpp(32,18): warning C4101: 'sOld' : variable locale non référencée
  Material.cpp
  Object3D.cpp
E:\dev\OpenGL_Engine\OpenGL_engine\sources\Object3D.cpp(149,36): warning C4267: '=' : conversion de 'size_t' en 'unsigned int', perte possible de données
E:\dev\OpenGL_Engine\OpenGL_engine\sources\Object3D.cpp(174,54): warning C4267: 'initialisation' : conversion de 'size_t' en 'unsigned int', perte possible de données
E:\dev\OpenGL_Engine\OpenGL_engine\sources\Object3D.cpp(378,36): warning C4267: '=' : conversion de 'size_t' en 'unsigned int', perte possible de données
E:\dev\OpenGL_Engine\OpenGL_engine\sources\Object3D.cpp(403,54): warning C4267: 'initialisation' : conversion de 'size_t' en 'unsigned int', perte possible de données
  Renderer.cpp
  Scene.cpp
E:\dev\OpenGL_Engine\OpenGL_engine\sources\Scene.cpp(136,54): warning C4267: '=' : conversion de 'size_t' en 'unsigned int', perte possible de données
E:\dev\OpenGL_Engine\OpenGL_engine\sources\Scene.cpp(161,64): warning C4267: 'initialisation' : conversion de 'size_t' en 'unsigned int', perte possible de données
  VertexArray.cpp
E:\dev\OpenGL_Engine\OpenGL_engine\sources\VertexArray.cpp(24,1): warning C4312: 'cast de type' : la conversion de 'unsigned int' en 'const void *' d'une taille supérieure
  VertexBuffer.cpp
  Génération de code en cours
  Compiler switch has changed, fall back to full compilation.
  All 1900 functions were compiled because no usable IPDB/IOBJ from previous compilation was found.
  Fin de la génération du code
  OpenGL_engine.vcxproj -> E:\dev\OpenGL_Engine\OpenGL_engine\x64\Release\OpenGL Engine.exe
